Traceback (most recent call last):
  File "<frozen runpy>", line 198, in _run_module_as_main
  File "<frozen runpy>", line 88, in _run_code
  File "C:\Users\Sameer G\AppData\Local\Programs\Python\Python313\Lib\site-packages\uvicorn\__main__.py", line 4, in <module>
    uvicorn.main()
    ~~~~~~~~~~~~^^
  File "C:\Users\Sameer G\AppData\Local\Programs\Python\Python313\Lib\site-packages\click\core.py", line 1485, in __call__
    return self.main(*args, **kwargs)
           ~~~~~~~~~^^^^^^^^^^^^^^^^^
  File "C:\Users\Sameer G\AppData\Local\Programs\Python\Python313\Lib\site-packages\click\core.py", line 1406, in main
    rv = self.invoke(ctx)
  File "C:\Users\Sameer G\AppData\Local\Programs\Python\Python313\Lib\site-packages\click\core.py", line 1269, in invoke
    return ctx.invoke(self.callback, **ctx.params)
           ~~~~~~~~~~^^^^^^^^^^^^^^^^^^^^^^^^^^^^^
  File "C:\Users\Sameer G\AppData\Local\Programs\Python\Python313\Lib\site-packages\click\core.py", line 824, in invoke
    return callback(*args, **kwargs)
  File "C:\Users\Sameer G\AppData\Local\Programs\Python\Python313\Lib\site-packages\uvicorn\main.py", line 412, in main
    run(
    ~~~^
        app,
        ^^^^
    ...<45 lines>...
        h11_max_incomplete_event_size=h11_max_incomplete_event_size,
        ^^^^^^^^^^^^^^^^^^^^^^^^^^^^^^^^^^^^^^^^^^^^^^^^^^^^^^^^^^^^
    )
    ^
  File "C:\Users\Sameer G\AppData\Local\Programs\Python\Python313\Lib\site-packages\uvicorn\main.py", line 579, in run
    server.run()
    ~~~~~~~~~~^^
  File "C:\Users\Sameer G\AppData\Local\Programs\Python\Python313\Lib\site-packages\uvicorn\server.py", line 66, in run
    return asyncio.run(self.serve(sockets=sockets))
           ~~~~~~~~~~~^^^^^^^^^^^^^^^^^^^^^^^^^^^^^
  File "C:\Users\Sameer G\AppData\Local\Programs\Python\Python313\Lib\asyncio\runners.py", line 194, in run
    return runner.run(main)
           ~~~~~~~~~~^^^^^^
  File "C:\Users\Sameer G\AppData\Local\Programs\Python\Python313\Lib\asyncio\runners.py", line 118, in run
    return self._loop.run_until_complete(task)
           ~~~~~~~~~~~~~~~~~~~~~~~~~~~~~^^^^^^
  File "C:\Users\Sameer G\AppData\Local\Programs\Python\Python313\Lib\asyncio\base_events.py", line 720, in run_until_complete
    return future.result()
           ~~~~~~~~~~~~~^^
  File "C:\Users\Sameer G\AppData\Local\Programs\Python\Python313\Lib\site-packages\uvicorn\server.py", line 70, in serve
    await self._serve(sockets)
  File "C:\Users\Sameer G\AppData\Local\Programs\Python\Python313\Lib\site-packages\uvicorn\server.py", line 77, in _serve
    config.load()
    ~~~~~~~~~~~^^
  File "C:\Users\Sameer G\AppData\Local\Programs\Python\Python313\Lib\site-packages\uvicorn\config.py", line 435, in load
    self.loaded_app = import_from_string(self.app)
                      ~~~~~~~~~~~~~~~~~~^^^^^^^^^^
  File "C:\Users\Sameer G\AppData\Local\Programs\Python\Python313\Lib\site-packages\uvicorn\importer.py", line 19, in import_from_string
    module = importlib.import_module(module_str)
  File "C:\Users\Sameer G\AppData\Local\Programs\Python\Python313\Lib\importlib\__init__.py", line 88, in import_module
    return _bootstrap._gcd_import(name[level:], package, level)
           ~~~~~~~~~~~~~~~~~~~~~~^^^^^^^^^^^^^^^^^^^^^^^^^^^^^^
  File "<frozen importlib._bootstrap>", line 1387, in _gcd_import
  File "<frozen importlib._bootstrap>", line 1360, in _find_and_load
  File "<frozen importlib._bootstrap>", line 1331, in _find_and_load_unlocked
  File "<frozen importlib._bootstrap>", line 935, in _load_unlocked
  File "<frozen importlib._bootstrap_external>", line 1026, in exec_module
  File "<frozen importlib._bootstrap>", line 488, in _call_with_frames_removed
  File "D:\cv-poduct-main\cv-poduct-main\backend\app\main.py", line 16, in <module>
    from app.core.config import settings
  File "D:\cv-poduct-main\cv-poduct-main\backend\app\core\config.py", line 68, in <module>
    settings = Settings()
  File "C:\Users\Sameer G\AppData\Local\Programs\Python\Python313\Lib\site-packages\pydantic_settings\main.py", line 172, in __init__
    **__pydantic_self__._settings_build_values(
      ~~~~~~~~~~~~~~~~~~~~~~~~~~~~~~~~~~~~~~~~^
        values,
        ^^^^^^^
    ...<23 lines>...
        _secrets_dir=_secrets_dir,
        ^^^^^^^^^^^^^^^^^^^^^^^^^^
    )
    ^
  File "C:\Users\Sameer G\AppData\Local\Programs\Python\Python313\Lib\site-packages\pydantic_settings\main.py", line 340, in _settings_build_values
    dotenv_settings = DotEnvSettingsSource(
        self.__class__,
    ...<7 lines>...
        env_parse_enums=env_parse_enums,
    )
  File "C:\Users\Sameer G\AppData\Local\Programs\Python\Python313\Lib\site-packages\pydantic_settings\sources.py", line 960, in __init__
    super().__init__(
    ~~~~~~~~~~~~~~~~^
        settings_cls,
        ^^^^^^^^^^^^^
    ...<5 lines>...
        env_parse_enums,
        ^^^^^^^^^^^^^^^^
    )
    ^
  File "C:\Users\Sameer G\AppData\Local\Programs\Python\Python313\Lib\site-packages\pydantic_settings\sources.py", line 731, in __init__
    self.env_vars = self._load_env_vars()
                    ~~~~~~~~~~~~~~~~~~~^^
  File "C:\Users\Sameer G\AppData\Local\Programs\Python\Python313\Lib\site-packages\pydantic_settings\sources.py", line 971, in _load_env_vars
    return self._read_env_files()
           ~~~~~~~~~~~~~~~~~~~~^^
  File "C:\Users\Sameer G\AppData\Local\Programs\Python\Python313\Lib\site-packages\pydantic_settings\sources.py", line 1009, in _read_env_files
    dotenv_vars.update(self._read_env_file(env_path))
                       ~~~~~~~~~~~~~~~~~~~^^^^^^^^^^
  File "C:\Users\Sameer G\AppData\Local\Programs\Python\Python313\Lib\site-packages\pydantic_settings\sources.py", line 989, in _read_env_file
    return self._static_read_env_file(
           ~~~~~~~~~~~~~~~~~~~~~~~~~~^
        file_path,
        ^^^^^^^^^^
    ...<3 lines>...
        parse_none_str=self.env_parse_none_str,
        ^^^^^^^^^^^^^^^^^^^^^^^^^^^^^^^^^^^^^^^
    )
    ^
  File "C:\Users\Sameer G\AppData\Local\Programs\Python\Python313\Lib\site-packages\pydantic_settings\sources.py", line 982, in _static_read_env_file
    file_vars: dict[str, str | None] = dotenv_values(file_path, encoding=encoding or 'utf8')
                                       ~~~~~~~~~~~~~^^^^^^^^^^^^^^^^^^^^^^^^^^^^^^^^^^^^^^^^
  File "C:\Users\Sameer G\AppData\Local\Programs\Python\Python313\Lib\site-packages\dotenv\main.py", line 392, in dotenv_values
    ).dict()
      ~~~~^^
  File "C:\Users\Sameer G\AppData\Local\Programs\Python\Python313\Lib\site-packages\dotenv\main.py", line 76, in dict
    self._dict = OrderedDict(resolve_variables(raw_values, override=self.override))
                             ~~~~~~~~~~~~~~~~~^^^^^^^^^^^^^^^^^^^^^^^^^^^^^^^^^^^^
  File "C:\Users\Sameer G\AppData\Local\Programs\Python\Python313\Lib\site-packages\dotenv\main.py", line 238, in resolve_variables
    for (name, value) in values:
                         ^^^^^^
  File "C:\Users\Sameer G\AppData\Local\Programs\Python\Python313\Lib\site-packages\dotenv\main.py", line 84, in parse
    for mapping in with_warn_for_invalid_lines(parse_stream(stream)):
                   ~~~~~~~~~~~~~~~~~~~~~~~~~~~^^^^^^^^^^^^^^^^^^^^^^
  File "C:\Users\Sameer G\AppData\Local\Programs\Python\Python313\Lib\site-packages\dotenv\main.py", line 26, in with_warn_for_invalid_lines
    for mapping in mappings:
                   ^^^^^^^^
  File "C:\Users\Sameer G\AppData\Local\Programs\Python\Python313\Lib\site-packages\dotenv\parser.py", line 173, in parse_stream
    reader = Reader(stream)
  File "C:\Users\Sameer G\AppData\Local\Programs\Python\Python313\Lib\site-packages\dotenv\parser.py", line 64, in __init__
    self.string = stream.read()
                  ~~~~~~~~~~~^^
  File "<frozen codecs>", line 325, in decode
UnicodeDecodeError: 'utf-8' codec can't decode byte 0xff in position 0: invalid start byte
